e:\school\기초컴퓨터그래픽스\vs repos\210506_opengl_codes_3\2_4.5.3.simplecameratransformation_r_glsle\4.5.3.simplecameratransformation_r_glsl\debug\vc142.pdb
e:\school\기초컴퓨터그래픽스\vs repos\210506_opengl_codes_3\2_4.5.3.simplecameratransformation_r_glsle\4.5.3.simplecameratransformation_r_glsl\debug\vc142.idb
e:\school\기초컴퓨터그래픽스\vs repos\210506_opengl_codes_3\2_4.5.3.simplecameratransformation_r_glsle\4.5.3.simplecameratransformation_r_glsl\debug\loadshaders.obj
e:\school\기초컴퓨터그래픽스\vs repos\210506_opengl_codes_3\2_4.5.3.simplecameratransformation_r_glsle\4.5.3.simplecameratransformation_r_glsl\debug\4.5.3.simplecameratransformation_r_glsl.obj
c:\users\insung ihm\desktop\work\teaching\cse4170\opengl\cse4170samplecode_glsl\4.5.3.simplecameratransformation_r_glsle\debug\4.5.3.simplecameratransformation_r_glsl.exe
c:\users\insung ihm\desktop\work\teaching\cse4170\opengl\cse4170samplecode_glsl\4.5.3.simplecameratransformation_r_glsle\debug\4.5.3.simplecameratransformation_r_glsl.ilk
c:\users\insung ihm\desktop\work\teaching\cse4170\opengl\cse4170samplecode_glsl\4.5.3.simplecameratransformation_r_glsle\debug\4.5.3.simplecameratransformation_r_glsl.pdb
e:\school\기초컴퓨터그래픽스\vs repos\210506_opengl_codes_3\2_4.5.3.simplecameratransformation_r_glsle\debug\4.5.3.simplecameratransformation_r_glsl.exe
e:\school\기초컴퓨터그래픽스\vs repos\210506_opengl_codes_3\2_4.5.3.simplecameratransformation_r_glsle\debug\4.5.3.simplecameratransformation_r_glsl.ilk
e:\school\기초컴퓨터그래픽스\vs repos\210506_opengl_codes_3\2_4.5.3.simplecameratransformation_r_glsle\debug\4.5.3.simplecameratransformation_r_glsl.pdb
e:\school\기초컴퓨터그래픽스\vs repos\2_4.5.3.simplecameratransformation_r_glsle\4.5.3.simplecameratransformation_r_glsl\debug\loadshaders.obj
e:\school\기초컴퓨터그래픽스\vs repos\2_4.5.3.simplecameratransformation_r_glsle\4.5.3.simplecameratransformation_r_glsl\debug\4.5.3.simplecameratransformation_r_glsl.obj
e:\school\기초컴퓨터그래픽스\vs repos\2_4.5.3.simplecameratransformation_r_glsle\4.5.3.simplecameratransformation_r_glsl\debug\vc120.idb
e:\school\기초컴퓨터그래픽스\vs repos\2_4.5.3.simplecameratransformation_r_glsle\4.5.3.simplecameratransformation_r_glsl\debug\vc141.idb
e:\school\기초컴퓨터그래픽스\vs repos\2_4.5.3.simplecameratransformation_r_glsle\4.5.3.simplecameratransformation_r_glsl\debug\vc142.idb
e:\school\기초컴퓨터그래픽스\vs repos\2_4.5.3.simplecameratransformation_r_glsle\4.5.3.simplecameratransformation_r_glsl\debug\vc120.pdb
e:\school\기초컴퓨터그래픽스\vs repos\2_4.5.3.simplecameratransformation_r_glsle\4.5.3.simplecameratransformation_r_glsl\debug\vc141.pdb
e:\school\기초컴퓨터그래픽스\vs repos\2_4.5.3.simplecameratransformation_r_glsle\4.5.3.simplecameratransformation_r_glsl\debug\vc142.pdb
e:\school\기초컴퓨터그래픽스\vs repos\2_4.5.3.simplecameratransformation_r_glsle\debug\4.5.3.simplecameratransformation_r_glsl.pdb
e:\school\기초컴퓨터그래픽스\vs repos\2_4.5.3.simplecameratransformation_r_glsle\debug\4.5.3.simplecameratransformation_r_glsl.exe
e:\school\기초컴퓨터그래픽스\vs repos\2_4.5.3.simplecameratransformation_r_glsle\debug\4.5.3.simplecameratransformation_r_glsl.ilk
e:\school\기초컴퓨터그래픽스\vs repos\2_4.5.3.simplecameratransformation_r_glsle\4.5.3.simplecameratransformation_r_glsl\debug\4.5.3.si.b7ceb2b3.tlog\cl.command.1.tlog
e:\school\기초컴퓨터그래픽스\vs repos\2_4.5.3.simplecameratransformation_r_glsle\4.5.3.simplecameratransformation_r_glsl\debug\4.5.3.si.b7ceb2b3.tlog\cl.read.1.tlog
e:\school\기초컴퓨터그래픽스\vs repos\2_4.5.3.simplecameratransformation_r_glsle\4.5.3.simplecameratransformation_r_glsl\debug\4.5.3.si.b7ceb2b3.tlog\cl.write.1.tlog
e:\school\기초컴퓨터그래픽스\vs repos\2_4.5.3.simplecameratransformation_r_glsle\4.5.3.simplecameratransformation_r_glsl\debug\4.5.3.si.b7ceb2b3.tlog\link.command.1.tlog
e:\school\기초컴퓨터그래픽스\vs repos\2_4.5.3.simplecameratransformation_r_glsle\4.5.3.simplecameratransformation_r_glsl\debug\4.5.3.si.b7ceb2b3.tlog\link.delete.1.tlog
e:\school\기초컴퓨터그래픽스\vs repos\2_4.5.3.simplecameratransformation_r_glsle\4.5.3.simplecameratransformation_r_glsl\debug\4.5.3.si.b7ceb2b3.tlog\link.read.1.tlog
e:\school\기초컴퓨터그래픽스\vs repos\2_4.5.3.simplecameratransformation_r_glsle\4.5.3.simplecameratransformation_r_glsl\debug\4.5.3.si.b7ceb2b3.tlog\link.write.1.tlog
